Analysis & Synthesis report for top_module
Thu Oct 31 13:06:39 2024
Quartus Prime Version 18.1.0 Build 625 09/12/2018 SJ Lite Edition


---------------------
; Table of Contents ;
---------------------
  1. Legal Notice
  2. Analysis & Synthesis Summary
  3. Analysis & Synthesis Settings
  4. Parallel Compilation
  5. Analysis & Synthesis Source Files Read
  6. Analysis & Synthesis Resource Usage Summary
  7. Analysis & Synthesis Resource Utilization by Entity
  8. General Register Statistics
  9. Port Connectivity Checks: "ShiftRegister:shift_register"
 10. Post-Synthesis Netlist Statistics for Top Partition
 11. Elapsed Time Per Partition
 12. Analysis & Synthesis Messages



----------------
; Legal Notice ;
----------------
Copyright (C) 2018  Intel Corporation. All rights reserved.
Your use of Intel Corporation's design tools, logic functions 
and other software and tools, and its AMPP partner logic 
functions, and any output files from any of the foregoing 
(including device programming or simulation files), and any 
associated documentation or information are expressly subject 
to the terms and conditions of the Intel Program License 
Subscription Agreement, the Intel Quartus Prime License Agreement,
the Intel FPGA IP License Agreement, or other applicable license
agreement, including, without limitation, that your use is for
the sole purpose of programming logic devices manufactured by
Intel and sold by Intel or its authorized distributors.  Please
refer to the applicable agreement for further details.



+-------------------------------------------------------------------------------+
; Analysis & Synthesis Summary                                                  ;
+---------------------------------+---------------------------------------------+
; Analysis & Synthesis Status     ; Successful - Thu Oct 31 13:06:39 2024       ;
; Quartus Prime Version           ; 18.1.0 Build 625 09/12/2018 SJ Lite Edition ;
; Revision Name                   ; top_module                                  ;
; Top-level Entity Name           ; top_module                                  ;
; Family                          ; Cyclone V                                   ;
; Logic utilization (in ALMs)     ; N/A                                         ;
; Total registers                 ; 8                                           ;
; Total pins                      ; 76                                          ;
; Total virtual pins              ; 0                                           ;
; Total block memory bits         ; 0                                           ;
; Total DSP Blocks                ; 0                                           ;
; Total HSSI RX PCSs              ; 0                                           ;
; Total HSSI PMA RX Deserializers ; 0                                           ;
; Total HSSI TX PCSs              ; 0                                           ;
; Total HSSI PMA TX Serializers   ; 0                                           ;
; Total PLLs                      ; 0                                           ;
; Total DLLs                      ; 0                                           ;
+---------------------------------+---------------------------------------------+


+---------------------------------------------------------------------------------------------------------------------------+
; Analysis & Synthesis Settings                                                                                             ;
+---------------------------------------------------------------------------------+--------------------+--------------------+
; Option                                                                          ; Setting            ; Default Value      ;
+---------------------------------------------------------------------------------+--------------------+--------------------+
; Device                                                                          ; 5CSEMA5F31C6       ;                    ;
; Top-level entity name                                                           ; top_module         ; top_module         ;
; Family name                                                                     ; Cyclone V          ; Cyclone V          ;
; Use smart compilation                                                           ; Off                ; Off                ;
; Enable parallel Assembler and Timing Analyzer during compilation                ; On                 ; On                 ;
; Enable compact report table                                                     ; Off                ; Off                ;
; Restructure Multiplexers                                                        ; Auto               ; Auto               ;
; MLAB Add Timing Constraints For Mixed-Port Feed-Through Mode Setting Don't Care ; Off                ; Off                ;
; Create Debugging Nodes for IP Cores                                             ; Off                ; Off                ;
; Preserve fewer node names                                                       ; On                 ; On                 ;
; Intel FPGA IP Evaluation Mode                                                   ; Enable             ; Enable             ;
; Verilog Version                                                                 ; Verilog_2001       ; Verilog_2001       ;
; VHDL Version                                                                    ; VHDL_1993          ; VHDL_1993          ;
; State Machine Processing                                                        ; Auto               ; Auto               ;
; Safe State Machine                                                              ; Off                ; Off                ;
; Extract Verilog State Machines                                                  ; On                 ; On                 ;
; Extract VHDL State Machines                                                     ; On                 ; On                 ;
; Ignore Verilog initial constructs                                               ; Off                ; Off                ;
; Iteration limit for constant Verilog loops                                      ; 5000               ; 5000               ;
; Iteration limit for non-constant Verilog loops                                  ; 250                ; 250                ;
; Add Pass-Through Logic to Inferred RAMs                                         ; On                 ; On                 ;
; Infer RAMs from Raw Logic                                                       ; On                 ; On                 ;
; Parallel Synthesis                                                              ; On                 ; On                 ;
; DSP Block Balancing                                                             ; Auto               ; Auto               ;
; NOT Gate Push-Back                                                              ; On                 ; On                 ;
; Power-Up Don't Care                                                             ; On                 ; On                 ;
; Remove Redundant Logic Cells                                                    ; Off                ; Off                ;
; Remove Duplicate Registers                                                      ; On                 ; On                 ;
; Ignore CARRY Buffers                                                            ; Off                ; Off                ;
; Ignore CASCADE Buffers                                                          ; Off                ; Off                ;
; Ignore GLOBAL Buffers                                                           ; Off                ; Off                ;
; Ignore ROW GLOBAL Buffers                                                       ; Off                ; Off                ;
; Ignore LCELL Buffers                                                            ; Off                ; Off                ;
; Ignore SOFT Buffers                                                             ; On                 ; On                 ;
; Limit AHDL Integers to 32 Bits                                                  ; Off                ; Off                ;
; Optimization Technique                                                          ; Balanced           ; Balanced           ;
; Carry Chain Length                                                              ; 70                 ; 70                 ;
; Auto Carry Chains                                                               ; On                 ; On                 ;
; Auto Open-Drain Pins                                                            ; On                 ; On                 ;
; Perform WYSIWYG Primitive Resynthesis                                           ; Off                ; Off                ;
; Auto ROM Replacement                                                            ; On                 ; On                 ;
; Auto RAM Replacement                                                            ; On                 ; On                 ;
; Auto DSP Block Replacement                                                      ; On                 ; On                 ;
; Auto Shift Register Replacement                                                 ; Auto               ; Auto               ;
; Allow Shift Register Merging across Hierarchies                                 ; Auto               ; Auto               ;
; Auto Clock Enable Replacement                                                   ; On                 ; On                 ;
; Strict RAM Replacement                                                          ; Off                ; Off                ;
; Allow Synchronous Control Signals                                               ; On                 ; On                 ;
; Force Use of Synchronous Clear Signals                                          ; Off                ; Off                ;
; Auto Resource Sharing                                                           ; Off                ; Off                ;
; Allow Any RAM Size For Recognition                                              ; Off                ; Off                ;
; Allow Any ROM Size For Recognition                                              ; Off                ; Off                ;
; Allow Any Shift Register Size For Recognition                                   ; Off                ; Off                ;
; Use LogicLock Constraints during Resource Balancing                             ; On                 ; On                 ;
; Ignore translate_off and synthesis_off directives                               ; Off                ; Off                ;
; Timing-Driven Synthesis                                                         ; On                 ; On                 ;
; Report Parameter Settings                                                       ; On                 ; On                 ;
; Report Source Assignments                                                       ; On                 ; On                 ;
; Report Connectivity Checks                                                      ; On                 ; On                 ;
; Ignore Maximum Fan-Out Assignments                                              ; Off                ; Off                ;
; Synchronization Register Chain Length                                           ; 3                  ; 3                  ;
; Power Optimization During Synthesis                                             ; Normal compilation ; Normal compilation ;
; HDL message level                                                               ; Level2             ; Level2             ;
; Suppress Register Optimization Related Messages                                 ; Off                ; Off                ;
; Number of Removed Registers Reported in Synthesis Report                        ; 5000               ; 5000               ;
; Number of Swept Nodes Reported in Synthesis Report                              ; 5000               ; 5000               ;
; Number of Inverted Registers Reported in Synthesis Report                       ; 100                ; 100                ;
; Clock MUX Protection                                                            ; On                 ; On                 ;
; Auto Gated Clock Conversion                                                     ; Off                ; Off                ;
; Block Design Naming                                                             ; Auto               ; Auto               ;
; SDC constraint protection                                                       ; Off                ; Off                ;
; Synthesis Effort                                                                ; Auto               ; Auto               ;
; Shift Register Replacement - Allow Asynchronous Clear Signal                    ; On                 ; On                 ;
; Pre-Mapping Resynthesis Optimization                                            ; Off                ; Off                ;
; Analysis & Synthesis Message Level                                              ; Medium             ; Medium             ;
; Disable Register Merging Across Hierarchies                                     ; Auto               ; Auto               ;
; Resource Aware Inference For Block RAM                                          ; On                 ; On                 ;
; Automatic Parallel Synthesis                                                    ; On                 ; On                 ;
; Partial Reconfiguration Bitstream ID                                            ; Off                ; Off                ;
+---------------------------------------------------------------------------------+--------------------+--------------------+


+------------------------------------------+
; Parallel Compilation                     ;
+----------------------------+-------------+
; Processors                 ; Number      ;
+----------------------------+-------------+
; Number detected on machine ; 8           ;
; Maximum allowed            ; 4           ;
;                            ;             ;
; Average used               ; 1.00        ;
; Maximum used               ; 4           ;
;                            ;             ;
; Usage by Processor         ; % Time Used ;
;     Processor 1            ; 100.0%      ;
;     Processors 2-4         ;   0.0%      ;
+----------------------------+-------------+


+-------------------------------------------------------------------------------------------------------------------------------------------------------+
; Analysis & Synthesis Source Files Read                                                                                                                ;
+----------------------------------+-----------------+------------------------------+---------------------------------------------------------+---------+
; File Name with User-Entered Path ; Used in Netlist ; File Type                    ; File Name with Absolute Path                            ; Library ;
+----------------------------------+-----------------+------------------------------+---------------------------------------------------------+---------+
; vdff.sv                          ; yes             ; User SystemVerilog HDL File  ; C:/Users/Vince/Desktop/shift register/vdff.sv           ;         ;
; top_module.sv                    ; yes             ; User SystemVerilog HDL File  ; C:/Users/Vince/Desktop/shift register/top_module.sv     ;         ;
; shift_register.sv                ; yes             ; User SystemVerilog HDL File  ; C:/Users/Vince/Desktop/shift register/shift_register.sv ;         ;
+----------------------------------+-----------------+------------------------------+---------------------------------------------------------+---------+


+------------------------------------------------------------+
; Analysis & Synthesis Resource Usage Summary                ;
+---------------------------------------------+--------------+
; Resource                                    ; Usage        ;
+---------------------------------------------+--------------+
; Estimate of Logic utilization (ALMs needed) ; 4            ;
;                                             ;              ;
; Combinational ALUT usage for logic          ; 0            ;
;     -- 7 input functions                    ; 0            ;
;     -- 6 input functions                    ; 0            ;
;     -- 5 input functions                    ; 0            ;
;     -- 4 input functions                    ; 0            ;
;     -- <=3 input functions                  ; 0            ;
;                                             ;              ;
; Dedicated logic registers                   ; 8            ;
;                                             ;              ;
; I/O pins                                    ; 76           ;
;                                             ;              ;
; Total DSP Blocks                            ; 0            ;
;                                             ;              ;
; Maximum fan-out node                        ; KEY[0]~input ;
; Maximum fan-out                             ; 8            ;
; Total fan-out                               ; 100          ;
; Average fan-out                             ; 0.63         ;
+---------------------------------------------+--------------+


+--------------------------------------------------------------------------------------------------------------------------------------------------------------------------------------------------------------------------------+
; Analysis & Synthesis Resource Utilization by Entity                                                                                                                                                                            ;
+-----------------------------------+---------------------+---------------------------+-------------------+------------+------+--------------+----------------------------------------------------+---------------+--------------+
; Compilation Hierarchy Node        ; Combinational ALUTs ; Dedicated Logic Registers ; Block Memory Bits ; DSP Blocks ; Pins ; Virtual Pins ; Full Hierarchy Name                                ; Entity Name   ; Library Name ;
+-----------------------------------+---------------------+---------------------------+-------------------+------------+------+--------------+----------------------------------------------------+---------------+--------------+
; |top_module                       ; 0 (0)               ; 8 (0)                     ; 0                 ; 0          ; 76   ; 0            ; |top_module                                        ; top_module    ; work         ;
;    |ShiftRegister:shift_register| ; 0 (0)               ; 8 (0)                     ; 0                 ; 0          ; 0    ; 0            ; |top_module|ShiftRegister:shift_register           ; ShiftRegister ; work         ;
;       |vDff:dff0|                 ; 0 (0)               ; 1 (1)                     ; 0                 ; 0          ; 0    ; 0            ; |top_module|ShiftRegister:shift_register|vDff:dff0 ; vDff          ; work         ;
;       |vDff:dff1|                 ; 0 (0)               ; 1 (1)                     ; 0                 ; 0          ; 0    ; 0            ; |top_module|ShiftRegister:shift_register|vDff:dff1 ; vDff          ; work         ;
;       |vDff:dff2|                 ; 0 (0)               ; 1 (1)                     ; 0                 ; 0          ; 0    ; 0            ; |top_module|ShiftRegister:shift_register|vDff:dff2 ; vDff          ; work         ;
;       |vDff:dff3|                 ; 0 (0)               ; 1 (1)                     ; 0                 ; 0          ; 0    ; 0            ; |top_module|ShiftRegister:shift_register|vDff:dff3 ; vDff          ; work         ;
;       |vDff:dff4|                 ; 0 (0)               ; 1 (1)                     ; 0                 ; 0          ; 0    ; 0            ; |top_module|ShiftRegister:shift_register|vDff:dff4 ; vDff          ; work         ;
;       |vDff:dff5|                 ; 0 (0)               ; 1 (1)                     ; 0                 ; 0          ; 0    ; 0            ; |top_module|ShiftRegister:shift_register|vDff:dff5 ; vDff          ; work         ;
;       |vDff:dff6|                 ; 0 (0)               ; 1 (1)                     ; 0                 ; 0          ; 0    ; 0            ; |top_module|ShiftRegister:shift_register|vDff:dff6 ; vDff          ; work         ;
;       |vDff:dff7|                 ; 0 (0)               ; 1 (1)                     ; 0                 ; 0          ; 0    ; 0            ; |top_module|ShiftRegister:shift_register|vDff:dff7 ; vDff          ; work         ;
+-----------------------------------+---------------------+---------------------------+-------------------+------------+------+--------------+----------------------------------------------------+---------------+--------------+
Note: For table entries with two numbers listed, the numbers in parentheses indicate the number of resources of the given type used by the specific entity alone. The numbers listed outside of parentheses indicate the total resources of the given type used by the specific entity and all of its sub-entities in the hierarchy.


+------------------------------------------------------+
; General Register Statistics                          ;
+----------------------------------------------+-------+
; Statistic                                    ; Value ;
+----------------------------------------------+-------+
; Total registers                              ; 8     ;
; Number of registers using Synchronous Clear  ; 0     ;
; Number of registers using Synchronous Load   ; 0     ;
; Number of registers using Asynchronous Clear ; 0     ;
; Number of registers using Asynchronous Load  ; 0     ;
; Number of registers using Clock Enable       ; 0     ;
; Number of registers using Preset             ; 0     ;
+----------------------------------------------+-------+


+----------------------------------------------------------+
; Port Connectivity Checks: "ShiftRegister:shift_register" ;
+-------+-------+----------+-------------------------------+
; Port  ; Type  ; Severity ; Details                       ;
+-------+-------+----------+-------------------------------+
; reset ; Input ; Info     ; Stuck at GND                  ;
+-------+-------+----------+-------------------------------+


+-----------------------------------------------------+
; Post-Synthesis Netlist Statistics for Top Partition ;
+-----------------------+-----------------------------+
; Type                  ; Count                       ;
+-----------------------+-----------------------------+
; arriav_ff             ; 8                           ;
;     plain             ; 8                           ;
; arriav_lcell_comb     ; 1                           ;
;     normal            ; 1                           ;
;         0 data inputs ; 1                           ;
; boundary_port         ; 76                          ;
;                       ;                             ;
; Max LUT depth         ; 0.00                        ;
; Average LUT depth     ; 0.00                        ;
+-----------------------+-----------------------------+


+-------------------------------+
; Elapsed Time Per Partition    ;
+----------------+--------------+
; Partition Name ; Elapsed Time ;
+----------------+--------------+
; Top            ; 00:00:00     ;
+----------------+--------------+


+-------------------------------+
; Analysis & Synthesis Messages ;
+-------------------------------+
Info: *******************************************************************
Info: Running Quartus Prime Analysis & Synthesis
    Info: Version 18.1.0 Build 625 09/12/2018 SJ Lite Edition
    Info: Processing started: Thu Oct 31 13:06:27 2024
Info: Command: quartus_map --read_settings_files=on --write_settings_files=off shift_register -c top_module
Warning (18236): Number of processors has not been specified which may cause overloading on shared machines.  Set the global assignment NUM_PARALLEL_PROCESSORS in your QSF to an appropriate value for best performance.
Info (20030): Parallel compilation is enabled and will use 4 of the 4 processors detected
Info (12021): Found 1 design units, including 1 entities, in source file vdff.sv
    Info (12023): Found entity 1: vDff File: C:/Users/Vince/Desktop/shift register/vdff.sv Line: 1
Info (12021): Found 1 design units, including 1 entities, in source file top_module.sv
    Info (12023): Found entity 1: top_module File: C:/Users/Vince/Desktop/shift register/top_module.sv Line: 1
Info (12021): Found 1 design units, including 1 entities, in source file shift_register.sv
    Info (12023): Found entity 1: ShiftRegister File: C:/Users/Vince/Desktop/shift register/shift_register.sv Line: 3
Warning (10236): Verilog HDL Implicit Net warning at top_module.sv(11): created implicit net for "clk" File: C:/Users/Vince/Desktop/shift register/top_module.sv Line: 11
Info (12127): Elaborating entity "top_module" for the top level hierarchy
Warning (10034): Output port "GPIO_0[35..25]" at top_module.sv(9) has no driver File: C:/Users/Vince/Desktop/shift register/top_module.sv Line: 9
Warning (10034): Output port "GPIO_0[23]" at top_module.sv(9) has no driver File: C:/Users/Vince/Desktop/shift register/top_module.sv Line: 9
Warning (10034): Output port "GPIO_0[21]" at top_module.sv(9) has no driver File: C:/Users/Vince/Desktop/shift register/top_module.sv Line: 9
Warning (10034): Output port "GPIO_0[19]" at top_module.sv(9) has no driver File: C:/Users/Vince/Desktop/shift register/top_module.sv Line: 9
Warning (10034): Output port "GPIO_0[17]" at top_module.sv(9) has no driver File: C:/Users/Vince/Desktop/shift register/top_module.sv Line: 9
Warning (10034): Output port "GPIO_0[15]" at top_module.sv(9) has no driver File: C:/Users/Vince/Desktop/shift register/top_module.sv Line: 9
Warning (10034): Output port "GPIO_0[13]" at top_module.sv(9) has no driver File: C:/Users/Vince/Desktop/shift register/top_module.sv Line: 9
Warning (10034): Output port "GPIO_0[11]" at top_module.sv(9) has no driver File: C:/Users/Vince/Desktop/shift register/top_module.sv Line: 9
Warning (10034): Output port "GPIO_0[9..0]" at top_module.sv(9) has no driver File: C:/Users/Vince/Desktop/shift register/top_module.sv Line: 9
Info (12128): Elaborating entity "ShiftRegister" for hierarchy "ShiftRegister:shift_register" File: C:/Users/Vince/Desktop/shift register/top_module.sv Line: 25
Info (12128): Elaborating entity "vDff" for hierarchy "ShiftRegister:shift_register|vDff:dff0" File: C:/Users/Vince/Desktop/shift register/shift_register.sv Line: 19
Warning (13024): Output pins are stuck at VCC or GND
    Warning (13410): Pin "GPIO_0[0]" is stuck at GND File: C:/Users/Vince/Desktop/shift register/top_module.sv Line: 9
    Warning (13410): Pin "GPIO_0[1]" is stuck at GND File: C:/Users/Vince/Desktop/shift register/top_module.sv Line: 9
    Warning (13410): Pin "GPIO_0[2]" is stuck at GND File: C:/Users/Vince/Desktop/shift register/top_module.sv Line: 9
    Warning (13410): Pin "GPIO_0[3]" is stuck at GND File: C:/Users/Vince/Desktop/shift register/top_module.sv Line: 9
    Warning (13410): Pin "GPIO_0[4]" is stuck at GND File: C:/Users/Vince/Desktop/shift register/top_module.sv Line: 9
    Warning (13410): Pin "GPIO_0[5]" is stuck at GND File: C:/Users/Vince/Desktop/shift register/top_module.sv Line: 9
    Warning (13410): Pin "GPIO_0[6]" is stuck at GND File: C:/Users/Vince/Desktop/shift register/top_module.sv Line: 9
    Warning (13410): Pin "GPIO_0[7]" is stuck at GND File: C:/Users/Vince/Desktop/shift register/top_module.sv Line: 9
    Warning (13410): Pin "GPIO_0[8]" is stuck at GND File: C:/Users/Vince/Desktop/shift register/top_module.sv Line: 9
    Warning (13410): Pin "GPIO_0[9]" is stuck at GND File: C:/Users/Vince/Desktop/shift register/top_module.sv Line: 9
    Warning (13410): Pin "GPIO_0[11]" is stuck at GND File: C:/Users/Vince/Desktop/shift register/top_module.sv Line: 9
    Warning (13410): Pin "GPIO_0[13]" is stuck at GND File: C:/Users/Vince/Desktop/shift register/top_module.sv Line: 9
    Warning (13410): Pin "GPIO_0[15]" is stuck at GND File: C:/Users/Vince/Desktop/shift register/top_module.sv Line: 9
    Warning (13410): Pin "GPIO_0[17]" is stuck at GND File: C:/Users/Vince/Desktop/shift register/top_module.sv Line: 9
    Warning (13410): Pin "GPIO_0[19]" is stuck at GND File: C:/Users/Vince/Desktop/shift register/top_module.sv Line: 9
    Warning (13410): Pin "GPIO_0[21]" is stuck at GND File: C:/Users/Vince/Desktop/shift register/top_module.sv Line: 9
    Warning (13410): Pin "GPIO_0[23]" is stuck at GND File: C:/Users/Vince/Desktop/shift register/top_module.sv Line: 9
    Warning (13410): Pin "GPIO_0[25]" is stuck at GND File: C:/Users/Vince/Desktop/shift register/top_module.sv Line: 9
    Warning (13410): Pin "GPIO_0[26]" is stuck at GND File: C:/Users/Vince/Desktop/shift register/top_module.sv Line: 9
    Warning (13410): Pin "GPIO_0[27]" is stuck at GND File: C:/Users/Vince/Desktop/shift register/top_module.sv Line: 9
    Warning (13410): Pin "GPIO_0[28]" is stuck at GND File: C:/Users/Vince/Desktop/shift register/top_module.sv Line: 9
    Warning (13410): Pin "GPIO_0[29]" is stuck at GND File: C:/Users/Vince/Desktop/shift register/top_module.sv Line: 9
    Warning (13410): Pin "GPIO_0[30]" is stuck at GND File: C:/Users/Vince/Desktop/shift register/top_module.sv Line: 9
    Warning (13410): Pin "GPIO_0[31]" is stuck at GND File: C:/Users/Vince/Desktop/shift register/top_module.sv Line: 9
    Warning (13410): Pin "GPIO_0[32]" is stuck at GND File: C:/Users/Vince/Desktop/shift register/top_module.sv Line: 9
    Warning (13410): Pin "GPIO_0[33]" is stuck at GND File: C:/Users/Vince/Desktop/shift register/top_module.sv Line: 9
    Warning (13410): Pin "GPIO_0[34]" is stuck at GND File: C:/Users/Vince/Desktop/shift register/top_module.sv Line: 9
    Warning (13410): Pin "GPIO_0[35]" is stuck at GND File: C:/Users/Vince/Desktop/shift register/top_module.sv Line: 9
Info (286030): Timing-Driven Synthesis is running
Info (16010): Generating hard_block partition "hard_block:auto_generated_inst"
    Info (16011): Adding 0 node(s), including 0 DDIO, 0 PLL, 0 transceiver and 0 LCELL
Warning (21074): Design contains 38 input pin(s) that do not drive logic
    Warning (15610): No output dependent on input pin "KEY[1]" File: C:/Users/Vince/Desktop/shift register/top_module.sv Line: 6
    Warning (15610): No output dependent on input pin "KEY[2]" File: C:/Users/Vince/Desktop/shift register/top_module.sv Line: 6
    Warning (15610): No output dependent on input pin "KEY[3]" File: C:/Users/Vince/Desktop/shift register/top_module.sv Line: 6
    Warning (15610): No output dependent on input pin "GPIO_1[1]" File: C:/Users/Vince/Desktop/shift register/top_module.sv Line: 7
    Warning (15610): No output dependent on input pin "GPIO_1[2]" File: C:/Users/Vince/Desktop/shift register/top_module.sv Line: 7
    Warning (15610): No output dependent on input pin "GPIO_1[3]" File: C:/Users/Vince/Desktop/shift register/top_module.sv Line: 7
    Warning (15610): No output dependent on input pin "GPIO_1[4]" File: C:/Users/Vince/Desktop/shift register/top_module.sv Line: 7
    Warning (15610): No output dependent on input pin "GPIO_1[5]" File: C:/Users/Vince/Desktop/shift register/top_module.sv Line: 7
    Warning (15610): No output dependent on input pin "GPIO_1[6]" File: C:/Users/Vince/Desktop/shift register/top_module.sv Line: 7
    Warning (15610): No output dependent on input pin "GPIO_1[7]" File: C:/Users/Vince/Desktop/shift register/top_module.sv Line: 7
    Warning (15610): No output dependent on input pin "GPIO_1[8]" File: C:/Users/Vince/Desktop/shift register/top_module.sv Line: 7
    Warning (15610): No output dependent on input pin "GPIO_1[9]" File: C:/Users/Vince/Desktop/shift register/top_module.sv Line: 7
    Warning (15610): No output dependent on input pin "GPIO_1[10]" File: C:/Users/Vince/Desktop/shift register/top_module.sv Line: 7
    Warning (15610): No output dependent on input pin "GPIO_1[11]" File: C:/Users/Vince/Desktop/shift register/top_module.sv Line: 7
    Warning (15610): No output dependent on input pin "GPIO_1[12]" File: C:/Users/Vince/Desktop/shift register/top_module.sv Line: 7
    Warning (15610): No output dependent on input pin "GPIO_1[13]" File: C:/Users/Vince/Desktop/shift register/top_module.sv Line: 7
    Warning (15610): No output dependent on input pin "GPIO_1[14]" File: C:/Users/Vince/Desktop/shift register/top_module.sv Line: 7
    Warning (15610): No output dependent on input pin "GPIO_1[15]" File: C:/Users/Vince/Desktop/shift register/top_module.sv Line: 7
    Warning (15610): No output dependent on input pin "GPIO_1[16]" File: C:/Users/Vince/Desktop/shift register/top_module.sv Line: 7
    Warning (15610): No output dependent on input pin "GPIO_1[17]" File: C:/Users/Vince/Desktop/shift register/top_module.sv Line: 7
    Warning (15610): No output dependent on input pin "GPIO_1[18]" File: C:/Users/Vince/Desktop/shift register/top_module.sv Line: 7
    Warning (15610): No output dependent on input pin "GPIO_1[19]" File: C:/Users/Vince/Desktop/shift register/top_module.sv Line: 7
    Warning (15610): No output dependent on input pin "GPIO_1[20]" File: C:/Users/Vince/Desktop/shift register/top_module.sv Line: 7
    Warning (15610): No output dependent on input pin "GPIO_1[21]" File: C:/Users/Vince/Desktop/shift register/top_module.sv Line: 7
    Warning (15610): No output dependent on input pin "GPIO_1[22]" File: C:/Users/Vince/Desktop/shift register/top_module.sv Line: 7
    Warning (15610): No output dependent on input pin "GPIO_1[23]" File: C:/Users/Vince/Desktop/shift register/top_module.sv Line: 7
    Warning (15610): No output dependent on input pin "GPIO_1[24]" File: C:/Users/Vince/Desktop/shift register/top_module.sv Line: 7
    Warning (15610): No output dependent on input pin "GPIO_1[25]" File: C:/Users/Vince/Desktop/shift register/top_module.sv Line: 7
    Warning (15610): No output dependent on input pin "GPIO_1[26]" File: C:/Users/Vince/Desktop/shift register/top_module.sv Line: 7
    Warning (15610): No output dependent on input pin "GPIO_1[27]" File: C:/Users/Vince/Desktop/shift register/top_module.sv Line: 7
    Warning (15610): No output dependent on input pin "GPIO_1[28]" File: C:/Users/Vince/Desktop/shift register/top_module.sv Line: 7
    Warning (15610): No output dependent on input pin "GPIO_1[29]" File: C:/Users/Vince/Desktop/shift register/top_module.sv Line: 7
    Warning (15610): No output dependent on input pin "GPIO_1[30]" File: C:/Users/Vince/Desktop/shift register/top_module.sv Line: 7
    Warning (15610): No output dependent on input pin "GPIO_1[31]" File: C:/Users/Vince/Desktop/shift register/top_module.sv Line: 7
    Warning (15610): No output dependent on input pin "GPIO_1[32]" File: C:/Users/Vince/Desktop/shift register/top_module.sv Line: 7
    Warning (15610): No output dependent on input pin "GPIO_1[33]" File: C:/Users/Vince/Desktop/shift register/top_module.sv Line: 7
    Warning (15610): No output dependent on input pin "GPIO_1[34]" File: C:/Users/Vince/Desktop/shift register/top_module.sv Line: 7
    Warning (15610): No output dependent on input pin "GPIO_1[35]" File: C:/Users/Vince/Desktop/shift register/top_module.sv Line: 7
Info (21057): Implemented 84 device resources after synthesis - the final resource count might be different
    Info (21058): Implemented 40 input pins
    Info (21059): Implemented 36 output pins
    Info (21061): Implemented 8 logic cells
Info: Quartus Prime Analysis & Synthesis was successful. 0 errors, 79 warnings
    Info: Peak virtual memory: 4827 megabytes
    Info: Processing ended: Thu Oct 31 13:06:39 2024
    Info: Elapsed time: 00:00:12
    Info: Total CPU time (on all processors): 00:00:24


